<?xml version="1.0" encoding="UTF-8"?>
<robot generator="Robot 7.3.2 (Python 3.13.5 on win32)" generated="2025-07-11T14:04:27.614372" rpa="false" schemaversion="5">
<suite id="s1" name="testSuite" source="C:\Users\henri\Documents\workspace\tralarirotralara\testSuite">
<suite id="s1-s1" name="loginTests" source="C:\Users\henri\Documents\workspace\tralarirotralara\testSuite\loginTests.robot">
<test id="s1-s1-t1" name="CT01 - Login com sucesso" line="8">
<kw name="Abrir o navegador" owner="setups" type="SETUP">
<kw name="Open Browser" owner="SeleniumLibrary">
<msg time="2025-07-11T14:04:28.014698" level="INFO">Opening browser 'Chrome' to base url 'http://207.180.218.22:9000/login'.</msg>
<arg>browser=${brouser}</arg>
<arg>url=${url}</arg>
<doc>Opens a new browser instance to the optional ``url``.</doc>
<status status="PASS" start="2025-07-11T14:04:28.014190" elapsed="3.743625"/>
</kw>
<status status="PASS" start="2025-07-11T14:04:28.013517" elapsed="3.744590"/>
</kw>
<kw name="Informar o Usuário" owner="loginPage">
<kw name="Escreva no Input" owner="comom">
<kw name="Wait Until Element Is Visible" owner="SeleniumLibrary">
<arg>locator=${locator}</arg>
<doc>Waits until the element ``locator`` is visible.</doc>
<status status="PASS" start="2025-07-11T14:04:31.760639" elapsed="0.878668"/>
</kw>
<kw name="Input Text" owner="SeleniumLibrary">
<msg time="2025-07-11T14:04:32.639663" level="INFO">Typing text 'Luiz' into text field '//input[@aria-label='Usuário']'.</msg>
<arg>locator=${locator}</arg>
<arg>text=${text}</arg>
<doc>Types the given ``text`` into the text field identified by ``locator``.</doc>
<status status="PASS" start="2025-07-11T14:04:32.639449" elapsed="0.090920"/>
</kw>
<arg>${userInput}</arg>
<arg>${user}</arg>
<status status="PASS" start="2025-07-11T14:04:31.759520" elapsed="0.970987"/>
</kw>
<status status="PASS" start="2025-07-11T14:04:31.758930" elapsed="0.971638"/>
</kw>
<kw name="Informar a Senha" owner="loginPage">
<kw name="Escreva no Input" owner="comom">
<kw name="Wait Until Element Is Visible" owner="SeleniumLibrary">
<arg>locator=${locator}</arg>
<doc>Waits until the element ``locator`` is visible.</doc>
<status status="PASS" start="2025-07-11T14:04:32.731332" elapsed="0.012901"/>
</kw>
<kw name="Input Text" owner="SeleniumLibrary">
<msg time="2025-07-11T14:04:32.744691" level="INFO">Typing text '147896325' into text field '//input[@aria-label='Senha']'.</msg>
<arg>locator=${locator}</arg>
<arg>text=${text}</arg>
<doc>Types the given ``text`` into the text field identified by ``locator``.</doc>
<status status="PASS" start="2025-07-11T14:04:32.744426" elapsed="0.061073"/>
</kw>
<arg>${passwordInput}</arg>
<arg>${password}</arg>
<status status="PASS" start="2025-07-11T14:04:32.731079" elapsed="0.074602"/>
</kw>
<status status="PASS" start="2025-07-11T14:04:32.730831" elapsed="0.074940"/>
</kw>
<kw name="Clicar no botão entrar" owner="loginPage">
<kw name="Clique no botão" owner="comom">
<kw name="Wait Until Element Is Visible" owner="SeleniumLibrary">
<arg>locator=${button}</arg>
<doc>Waits until the element ``locator`` is visible.</doc>
<status status="PASS" start="2025-07-11T14:04:32.806972" elapsed="0.013615"/>
</kw>
<kw name="Click Button" owner="SeleniumLibrary">
<msg time="2025-07-11T14:04:32.820927" level="INFO">Clicking button '//button'.</msg>
<arg>locator=${button}</arg>
<doc>Clicks the button identified by ``locator``.</doc>
<status status="PASS" start="2025-07-11T14:04:32.820730" elapsed="0.061946"/>
</kw>
<arg>${loginButton}</arg>
<status status="PASS" start="2025-07-11T14:04:32.806749" elapsed="0.076019"/>
</kw>
<status status="PASS" start="2025-07-11T14:04:32.806432" elapsed="0.076382"/>
</kw>
<kw name="Should Be Equal" owner="BuiltIn">
<msg time="2025-07-11T14:04:32.883322" level="FAIL">first != second</msg>
<arg>first</arg>
<arg>second</arg>
<doc>Fails if the given objects are unequal.</doc>
<status status="FAIL" start="2025-07-11T14:04:32.883100" elapsed="0.000337">first != second</status>
</kw>
<kw name="Fechar o navegador" owner="setups" type="TEARDOWN">
<kw name="Close Browser" owner="SeleniumLibrary">
<doc>Closes the current browser.</doc>
<status status="PASS" start="2025-07-11T14:04:32.884032" elapsed="2.143010"/>
</kw>
<status status="PASS" start="2025-07-11T14:04:32.883813" elapsed="2.143450"/>
</kw>
<status status="FAIL" start="2025-07-11T14:04:28.012283" elapsed="7.015512">first != second</status>
</test>
<test id="s1-s1-t2" name="CT02 - Login sem informar o Usuário" line="14">
<kw name="Abrir o navegador" owner="setups" type="SETUP">
<kw name="Open Browser" owner="SeleniumLibrary">
<msg time="2025-07-11T14:04:35.030450" level="INFO">Opening browser 'Chrome' to base url 'http://207.180.218.22:9000/login'.</msg>
<arg>browser=${brouser}</arg>
<arg>url=${url}</arg>
<doc>Opens a new browser instance to the optional ``url``.</doc>
<status status="PASS" start="2025-07-11T14:04:35.030203" elapsed="4.334644"/>
</kw>
<status status="PASS" start="2025-07-11T14:04:35.029928" elapsed="4.335094"/>
</kw>
<kw name="Informar a Senha" owner="loginPage">
<kw name="Escreva no Input" owner="comom">
<kw name="Wait Until Element Is Visible" owner="SeleniumLibrary">
<arg>locator=${locator}</arg>
<doc>Waits until the element ``locator`` is visible.</doc>
<status status="PASS" start="2025-07-11T14:04:39.366496" elapsed="1.089890"/>
</kw>
<kw name="Input Text" owner="SeleniumLibrary">
<msg time="2025-07-11T14:04:40.456737" level="INFO">Typing text '147896325' into text field '//input[@aria-label='Senha']'.</msg>
<arg>locator=${locator}</arg>
<arg>text=${text}</arg>
<doc>Types the given ``text`` into the text field identified by ``locator``.</doc>
<status status="PASS" start="2025-07-11T14:04:40.456532" elapsed="0.087981"/>
</kw>
<arg>${passwordInput}</arg>
<arg>${password}</arg>
<status status="PASS" start="2025-07-11T14:04:39.366122" elapsed="1.178659"/>
</kw>
<status status="PASS" start="2025-07-11T14:04:39.365597" elapsed="1.179252"/>
</kw>
<kw name="Clicar no botão entrar" owner="loginPage">
<kw name="Clique no botão" owner="comom">
<kw name="Wait Until Element Is Visible" owner="SeleniumLibrary">
<arg>locator=${button}</arg>
<doc>Waits until the element ``locator`` is visible.</doc>
<status status="PASS" start="2025-07-11T14:04:40.545661" elapsed="0.013520"/>
</kw>
<kw name="Click Button" owner="SeleniumLibrary">
<msg time="2025-07-11T14:04:40.559745" level="INFO">Clicking button '//button'.</msg>
<arg>locator=${button}</arg>
<doc>Clicks the button identified by ``locator``.</doc>
<status status="PASS" start="2025-07-11T14:04:40.559419" elapsed="0.053981"/>
</kw>
<arg>${loginButton}</arg>
<status status="PASS" start="2025-07-11T14:04:40.545439" elapsed="0.068056"/>
</kw>
<status status="PASS" start="2025-07-11T14:04:40.545169" elapsed="0.068374"/>
</kw>
<kw name="Fechar o navegador" owner="setups" type="TEARDOWN">
<kw name="Close Browser" owner="SeleniumLibrary">
<doc>Closes the current browser.</doc>
<status status="PASS" start="2025-07-11T14:04:40.614086" elapsed="2.157061"/>
</kw>
<status status="PASS" start="2025-07-11T14:04:40.613858" elapsed="2.157672"/>
</kw>
<status status="PASS" start="2025-07-11T14:04:35.029358" elapsed="7.742747"/>
</test>
<test id="s1-s1-t3" name="CT03 - Login sem informar a Senha" line="18">
<kw name="Abrir o navegador" owner="setups" type="SETUP">
<kw name="Open Browser" owner="SeleniumLibrary">
<msg time="2025-07-11T14:04:42.776616" level="INFO">Opening browser 'Chrome' to base url 'http://207.180.218.22:9000/login'.</msg>
<arg>browser=${brouser}</arg>
<arg>url=${url}</arg>
<doc>Opens a new browser instance to the optional ``url``.</doc>
<status status="PASS" start="2025-07-11T14:04:42.775802" elapsed="3.923048"/>
</kw>
<status status="PASS" start="2025-07-11T14:04:42.775143" elapsed="3.923875"/>
</kw>
<kw name="Informar o Usuário" owner="loginPage">
<kw name="Escreva no Input" owner="comom">
<kw name="Wait Until Element Is Visible" owner="SeleniumLibrary">
<arg>locator=${locator}</arg>
<doc>Waits until the element ``locator`` is visible.</doc>
<status status="PASS" start="2025-07-11T14:04:46.700489" elapsed="0.882952"/>
</kw>
<kw name="Input Text" owner="SeleniumLibrary">
<msg time="2025-07-11T14:04:47.583956" level="INFO">Typing text 'Luiz' into text field '//input[@aria-label='Usuário']'.</msg>
<arg>locator=${locator}</arg>
<arg>text=${text}</arg>
<doc>Types the given ``text`` into the text field identified by ``locator``.</doc>
<status status="PASS" start="2025-07-11T14:04:47.583734" elapsed="0.099999"/>
</kw>
<arg>${userInput}</arg>
<arg>${user}</arg>
<status status="PASS" start="2025-07-11T14:04:46.699927" elapsed="0.983904"/>
</kw>
<status status="PASS" start="2025-07-11T14:04:46.699392" elapsed="0.984491"/>
</kw>
<kw name="Clicar no botão entrar" owner="loginPage">
<kw name="Clique no botão" owner="comom">
<kw name="Wait Until Element Is Visible" owner="SeleniumLibrary">
<arg>locator=${button}</arg>
<doc>Waits until the element ``locator`` is visible.</doc>
<status status="PASS" start="2025-07-11T14:04:47.684594" elapsed="0.012318"/>
</kw>
<kw name="Click Button" owner="SeleniumLibrary">
<msg time="2025-07-11T14:04:47.697384" level="INFO">Clicking button '//button'.</msg>
<arg>locator=${button}</arg>
<doc>Clicks the button identified by ``locator``.</doc>
<status status="PASS" start="2025-07-11T14:04:47.697114" elapsed="0.052565"/>
</kw>
<arg>${loginButton}</arg>
<status status="PASS" start="2025-07-11T14:04:47.684381" elapsed="0.065436"/>
</kw>
<status status="PASS" start="2025-07-11T14:04:47.684145" elapsed="0.065722"/>
</kw>
<kw name="Fechar o navegador" owner="setups" type="TEARDOWN">
<kw name="Close Browser" owner="SeleniumLibrary">
<doc>Closes the current browser.</doc>
<status status="PASS" start="2025-07-11T14:04:47.750404" elapsed="2.135038"/>
</kw>
<status status="PASS" start="2025-07-11T14:04:47.750189" elapsed="2.135440"/>
</kw>
<status status="PASS" start="2025-07-11T14:04:42.773963" elapsed="7.112045"/>
</test>
<status status="FAIL" start="2025-07-11T14:04:27.646594" elapsed="22.240944"/>
</suite>
<status status="FAIL" start="2025-07-11T14:04:27.616046" elapsed="22.273039"/>
</suite>
<statistics>
<total>
<stat pass="2" fail="1" skip="0">All Tests</stat>
</total>
<tag>
</tag>
<suite>
<stat name="testSuite" id="s1" pass="2" fail="1" skip="0">testSuite</stat>
<stat name="loginTests" id="s1-s1" pass="2" fail="1" skip="0">testSuite.loginTests</stat>
</suite>
</statistics>
<errors>
</errors>
</robot>
